2025-12-16 08:20:28,342 - INFO - Telegram notifications enabled
2025-12-16 08:20:28,342 - INFO - Bot initialized with $40.0 capital
2025-12-16 08:20:28,343 - INFO - Starting Swing Trading Bot
2025-12-16 08:20:28,343 - INFO - ============================================================
2025-12-16 08:20:28,343 - INFO - Trading cycle #1
2025-12-16 08:20:28,433 - INFO - Available USDT: $42.78
2025-12-16 08:20:28,856 - INFO - Cycle complete. Active trades: 0
2025-12-16 08:20:28,857 - INFO - ============================================================
2025-12-16 08:20:28,857 - INFO - Bot scheduler started
2025-12-16 08:58:51,974 - INFO - Telegram notifications enabled
2025-12-16 08:58:51,974 - INFO - Bot initialized with $40.0 capital
2025-12-16 08:58:51,974 - INFO - Starting Swing Trading Bot
2025-12-16 08:58:51,974 - INFO - ============================================================
2025-12-16 08:58:51,974 - INFO - Trading cycle #1
2025-12-16 08:58:52,333 - INFO - Available USDT: $42.78
2025-12-16 08:58:52,583 - INFO - Cycle complete. Active trades: 0
2025-12-16 08:58:52,584 - INFO - ============================================================
2025-12-16 08:58:52,584 - INFO - Bot scheduler started
2025-12-16 09:58:52,564 - INFO - ============================================================
2025-12-16 09:58:52,565 - INFO - Trading cycle #1
2025-12-16 09:58:53,221 - INFO - Available USDT: $42.78
2025-12-16 09:58:53,647 - INFO - Cycle complete. Active trades: 0
2025-12-16 09:58:53,648 - INFO - ============================================================
2025-12-16 10:59:53,636 - INFO - ============================================================
2025-12-16 10:59:53,636 - INFO - Trading cycle #1
2025-12-16 10:59:54,222 - INFO - Available USDT: $42.78
2025-12-16 10:59:54,557 - INFO - Cycle complete. Active trades: 0
2025-12-16 10:59:54,557 - INFO - ============================================================
2025-12-16 12:00:54,330 - INFO - ============================================================
2025-12-16 12:00:54,331 - INFO - Trading cycle #1
2025-12-16 12:00:54,880 - INFO - Available USDT: $42.78
2025-12-16 12:00:55,027 - INFO - Cycle complete. Active trades: 0
2025-12-16 12:00:55,027 - INFO - ============================================================
2025-12-16 13:01:54,940 - INFO - ============================================================
2025-12-16 13:01:54,940 - INFO - Trading cycle #1
2025-12-16 13:01:55,557 - INFO - Available USDT: $42.78
2025-12-16 13:01:55,896 - INFO - Cycle complete. Active trades: 0
2025-12-16 13:01:55,896 - INFO - ============================================================
2025-12-16 14:02:55,851 - INFO - ============================================================
2025-12-16 14:02:55,851 - INFO - Trading cycle #1
2025-12-16 14:02:56,526 - INFO - Available USDT: $42.78
2025-12-16 14:02:56,869 - INFO - Cycle complete. Active trades: 0
2025-12-16 14:02:56,870 - INFO - ============================================================
2025-12-16 15:03:56,841 - INFO - ============================================================
2025-12-16 15:03:56,842 - INFO - Trading cycle #1
2025-12-16 15:03:57,323 - INFO - Available USDT: $42.78
2025-12-16 15:03:57,569 - INFO - Cycle complete. Active trades: 0
2025-12-16 15:03:57,569 - INFO - ============================================================
2025-12-16 16:04:57,418 - INFO - ============================================================
2025-12-16 16:04:57,418 - INFO - Trading cycle #1
2025-12-16 16:04:58,121 - INFO - Available USDT: $42.78
2025-12-16 16:04:58,317 - INFO - Cycle complete. Active trades: 0
2025-12-16 16:04:58,317 - INFO - ============================================================
2025-12-16 17:05:58,206 - INFO - ============================================================
2025-12-16 17:05:58,206 - INFO - Trading cycle #1
2025-12-16 17:05:58,671 - INFO - Available USDT: $42.78
2025-12-16 17:05:58,925 - INFO - Cycle complete. Active trades: 0
2025-12-16 17:05:58,926 - INFO - ============================================================
2025-12-16 18:06:58,871 - INFO - ============================================================
2025-12-16 18:06:58,872 - INFO - Trading cycle #1
2025-12-16 18:06:59,486 - INFO - Available USDT: $42.78
2025-12-16 18:06:59,828 - INFO - Cycle complete. Active trades: 0
2025-12-16 18:06:59,828 - INFO - ============================================================
2025-12-16 19:07:59,787 - INFO - ============================================================
2025-12-16 19:07:59,788 - INFO - Trading cycle #1
2025-12-16 19:08:00,342 - INFO - Available USDT: $42.78
2025-12-16 19:08:00,501 - INFO - Cycle complete. Active trades: 0
2025-12-16 19:08:00,501 - INFO - ============================================================
2025-12-16 20:09:00,455 - INFO - ============================================================
2025-12-16 20:09:00,455 - INFO - Trading cycle #1
2025-12-16 20:09:01,043 - INFO - Available USDT: $42.78
2025-12-16 20:09:01,286 - INFO - Cycle complete. Active trades: 0
2025-12-16 20:09:01,286 - INFO - ============================================================
2025-12-16 21:10:01,120 - INFO - ============================================================
2025-12-16 21:10:01,120 - INFO - Trading cycle #1
2025-12-16 21:10:01,652 - INFO - Available USDT: $42.78
2025-12-16 21:10:01,811 - INFO - Cycle complete. Active trades: 0
2025-12-16 21:10:01,812 - INFO - ============================================================
2025-12-16 22:11:01,741 - INFO - ============================================================
2025-12-16 22:11:01,742 - INFO - Trading cycle #1
2025-12-16 22:11:02,362 - INFO - Available USDT: $42.78
2025-12-16 22:11:02,712 - INFO - Cycle complete. Active trades: 0
2025-12-16 22:11:02,713 - INFO - ============================================================
2025-12-16 23:12:02,665 - INFO - ============================================================
2025-12-16 23:12:02,665 - INFO - Trading cycle #1
2025-12-16 23:12:03,352 - INFO - Available USDT: $42.78
2025-12-16 23:12:03,686 - INFO - Cycle complete. Active trades: 0
2025-12-16 23:12:03,686 - INFO - ============================================================
2025-12-17 00:13:03,643 - INFO - ============================================================
2025-12-17 00:13:03,644 - INFO - Trading cycle #1
2025-12-17 00:13:04,237 - INFO - Available USDT: $42.78
2025-12-17 00:13:04,586 - INFO - Cycle complete. Active trades: 0
2025-12-17 00:13:04,586 - INFO - ============================================================
2025-12-17 01:14:04,452 - INFO - ============================================================
2025-12-17 01:14:04,452 - INFO - Trading cycle #1
2025-12-17 01:14:04,976 - INFO - Available USDT: $42.78
2025-12-17 01:14:05,213 - INFO - Cycle complete. Active trades: 0
2025-12-17 01:14:05,213 - INFO - ============================================================
2025-12-17 02:15:05,118 - INFO - ============================================================
2025-12-17 02:15:05,119 - INFO - Trading cycle #1
2025-12-17 02:15:06,103 - INFO - Available USDT: $42.78
2025-12-17 02:15:06,439 - INFO - Cycle complete. Active trades: 0
2025-12-17 02:15:06,440 - INFO - ============================================================
2025-12-17 03:16:06,384 - INFO - ============================================================
2025-12-17 03:16:06,384 - INFO - Trading cycle #1
2025-12-17 03:16:06,967 - INFO - Available USDT: $42.78
2025-12-17 03:16:07,298 - INFO - Cycle complete. Active trades: 0
2025-12-17 03:16:07,299 - INFO - ============================================================
2025-12-17 04:17:07,251 - INFO - ============================================================
2025-12-17 04:17:07,251 - INFO - Trading cycle #1
2025-12-17 04:17:07,964 - INFO - Available USDT: $42.78
2025-12-17 04:17:08,326 - INFO - Cycle complete. Active trades: 0
2025-12-17 04:17:08,326 - INFO - ============================================================
2025-12-17 05:18:08,267 - INFO - ============================================================
2025-12-17 05:18:08,267 - INFO - Trading cycle #1
2025-12-17 05:18:08,937 - INFO - Available USDT: $42.78
2025-12-17 05:18:09,280 - INFO - Cycle complete. Active trades: 0
2025-12-17 05:18:09,280 - INFO - ============================================================
2025-12-17 06:19:09,136 - INFO - ============================================================
2025-12-17 06:19:09,137 - INFO - Trading cycle #1
2025-12-17 06:19:09,663 - INFO - Available USDT: $42.78
2025-12-17 06:19:09,813 - INFO - Cycle complete. Active trades: 0
2025-12-17 06:19:09,813 - INFO - ============================================================
2025-12-17 07:20:09,746 - INFO - ============================================================
2025-12-17 07:20:09,747 - INFO - Trading cycle #1
2025-12-17 07:20:10,311 - INFO - Available USDT: $42.78
2025-12-17 07:20:10,559 - INFO - Cycle complete. Active trades: 0
2025-12-17 07:20:10,560 - INFO - ============================================================
2025-12-17 08:21:10,505 - INFO - ============================================================
2025-12-17 08:21:10,506 - INFO - Trading cycle #1
2025-12-17 08:21:11,128 - INFO - Available USDT: $42.78
2025-12-17 08:21:11,321 - INFO - Cycle complete. Active trades: 0
2025-12-17 08:21:11,321 - INFO - ============================================================
2025-12-17 09:22:11,270 - INFO - ============================================================
2025-12-17 09:22:11,270 - INFO - Trading cycle #1
2025-12-17 09:22:11,808 - INFO - Available USDT: $42.78
2025-12-17 09:22:12,047 - INFO - Cycle complete. Active trades: 0
2025-12-17 09:22:12,047 - INFO - ============================================================
2025-12-17 10:23:11,921 - INFO - ============================================================
2025-12-17 10:23:11,922 - INFO - Trading cycle #1
2025-12-17 10:23:12,454 - INFO - Available USDT: $42.78
2025-12-17 10:23:12,609 - INFO - Cycle complete. Active trades: 0
2025-12-17 10:23:12,609 - INFO - ============================================================
2025-12-17 11:24:12,515 - INFO - ============================================================
2025-12-17 11:24:12,516 - INFO - Trading cycle #1
2025-12-17 11:24:13,128 - INFO - Available USDT: $42.78
2025-12-17 11:24:13,470 - INFO - Cycle complete. Active trades: 0
2025-12-17 11:24:13,470 - INFO - ============================================================
2025-12-17 12:25:13,419 - INFO - ============================================================
2025-12-17 12:25:13,420 - INFO - Trading cycle #1
2025-12-17 12:25:13,910 - INFO - Available USDT: $42.78
2025-12-17 12:25:14,055 - INFO - Cycle complete. Active trades: 0
2025-12-17 12:25:14,055 - INFO - ============================================================
2025-12-17 13:26:14,003 - INFO - ============================================================
2025-12-17 13:26:14,004 - INFO - Trading cycle #1
2025-12-17 13:26:14,559 - INFO - Available USDT: $42.78
2025-12-17 13:26:14,794 - INFO - Cycle complete. Active trades: 0
2025-12-17 13:26:14,794 - INFO - ============================================================
2025-12-17 14:27:14,726 - INFO - ============================================================
2025-12-17 14:27:14,727 - INFO - Trading cycle #1
2025-12-17 14:27:15,178 - INFO - Available USDT: $42.78
2025-12-17 14:27:15,419 - INFO - Cycle complete. Active trades: 0
2025-12-17 14:27:15,419 - INFO - ============================================================
2025-12-17 15:28:15,285 - INFO - ============================================================
2025-12-17 15:28:15,286 - INFO - Trading cycle #1
2025-12-17 15:28:15,876 - INFO - Available USDT: $42.78
2025-12-17 15:28:16,215 - INFO - Cycle complete. Active trades: 0
2025-12-17 15:28:16,215 - INFO - ============================================================
2025-12-17 16:29:16,164 - INFO - ============================================================
2025-12-17 16:29:16,165 - INFO - Trading cycle #1
2025-12-17 16:29:16,805 - INFO - Available USDT: $42.78
2025-12-17 16:29:17,200 - INFO - Cycle complete. Active trades: 0
2025-12-17 16:29:17,201 - INFO - ============================================================
